17-Apr-2025 23:43:10.667 WARNING [main] org.apache.catalina.core.StandardContext.setPath A context path must either be an empty string or start with a '/' and do not end with a '/'. The path [/] does not meet these criteria and has been changed to []
17-Apr-2025 23:43:10.696 INFO [main] org.apache.catalina.startup.VersionLoggerListener.log Server version name:   Apache Tomcat/11.0.6
17-Apr-2025 23:43:10.698 INFO [main] org.apache.catalina.startup.VersionLoggerListener.log Server built:          Apr 1 2025 14:40:40 UTC
17-Apr-2025 23:43:10.698 INFO [main] org.apache.catalina.startup.VersionLoggerListener.log Server version number: 11.0.6.0
17-Apr-2025 23:43:10.699 INFO [main] org.apache.catalina.startup.VersionLoggerListener.log OS Name:               Windows 10
17-Apr-2025 23:43:10.699 INFO [main] org.apache.catalina.startup.VersionLoggerListener.log OS Version:            10.0
17-Apr-2025 23:43:10.699 INFO [main] org.apache.catalina.startup.VersionLoggerListener.log Architecture:          amd64
17-Apr-2025 23:43:10.699 INFO [main] org.apache.catalina.startup.VersionLoggerListener.log Java Home:             C:\Program Files\Java\jdk-17-se
17-Apr-2025 23:43:10.699 INFO [main] org.apache.catalina.startup.VersionLoggerListener.log JVM Version:           17.0.10+11-LTS-240
17-Apr-2025 23:43:10.700 INFO [main] org.apache.catalina.startup.VersionLoggerListener.log JVM Vendor:            Oracle Corporation
17-Apr-2025 23:43:10.700 INFO [main] org.apache.catalina.startup.VersionLoggerListener.log CATALINA_BASE:         C:\Users\Programar\Documents\Projetos\Sidtella\billing-service-ui\ApacheTomcat\apache-tomcat-11.0.6
17-Apr-2025 23:43:10.700 INFO [main] org.apache.catalina.startup.VersionLoggerListener.log CATALINA_HOME:         C:\Users\Programar\Documents\Projetos\Sidtella\billing-service-ui\ApacheTomcat\apache-tomcat-11.0.6
17-Apr-2025 23:43:10.702 INFO [main] org.apache.catalina.startup.VersionLoggerListener.log Command line argument: -Djava.util.logging.config.file=C:\Users\Programar\Documents\Projetos\Sidtella\billing-service-ui\ApacheTomcat\apache-tomcat-11.0.6\conf\logging.properties
17-Apr-2025 23:43:10.703 INFO [main] org.apache.catalina.startup.VersionLoggerListener.log Command line argument: -Djava.util.logging.manager=org.apache.juli.ClassLoaderLogManager
17-Apr-2025 23:43:10.703 INFO [main] org.apache.catalina.startup.VersionLoggerListener.log Command line argument: -Djdk.tls.ephemeralDHKeySize=2048
17-Apr-2025 23:43:10.704 INFO [main] org.apache.catalina.startup.VersionLoggerListener.log Command line argument: --add-opens=java.base/java.lang=ALL-UNNAMED
17-Apr-2025 23:43:10.704 INFO [main] org.apache.catalina.startup.VersionLoggerListener.log Command line argument: --add-opens=java.base/java.lang.reflect=ALL-UNNAMED
17-Apr-2025 23:43:10.704 INFO [main] org.apache.catalina.startup.VersionLoggerListener.log Command line argument: --add-opens=java.base/java.io=ALL-UNNAMED
17-Apr-2025 23:43:10.705 INFO [main] org.apache.catalina.startup.VersionLoggerListener.log Command line argument: --add-opens=java.base/java.util=ALL-UNNAMED
17-Apr-2025 23:43:10.706 INFO [main] org.apache.catalina.startup.VersionLoggerListener.log Command line argument: --add-opens=java.base/java.util.concurrent=ALL-UNNAMED
17-Apr-2025 23:43:10.707 INFO [main] org.apache.catalina.startup.VersionLoggerListener.log Command line argument: --add-opens=java.rmi/sun.rmi.transport=ALL-UNNAMED
17-Apr-2025 23:43:10.707 INFO [main] org.apache.catalina.startup.VersionLoggerListener.log Command line argument: --enable-native-access=ALL-UNNAMED
17-Apr-2025 23:43:10.708 INFO [main] org.apache.catalina.startup.VersionLoggerListener.log Command line argument: -Dcatalina.base=C:\Users\Programar\Documents\Projetos\Sidtella\billing-service-ui\ApacheTomcat\apache-tomcat-11.0.6
17-Apr-2025 23:43:10.710 INFO [main] org.apache.catalina.startup.VersionLoggerListener.log Command line argument: -Dcatalina.home=C:\Users\Programar\Documents\Projetos\Sidtella\billing-service-ui\ApacheTomcat\apache-tomcat-11.0.6
17-Apr-2025 23:43:10.711 INFO [main] org.apache.catalina.startup.VersionLoggerListener.log Command line argument: -Djava.io.tmpdir=C:\Users\Programar\Documents\Projetos\Sidtella\billing-service-ui\ApacheTomcat\apache-tomcat-11.0.6\temp
17-Apr-2025 23:43:10.729 INFO [main] org.apache.catalina.core.AprLifecycleListener.lifecycleEvent The Apache Tomcat Native library which allows using OpenSSL was not found on the java.library.path: [C:\Program Files\Java\jdk-17-se\bin;C:\WINDOWS\Sun\Java\bin;C:\WINDOWS\system32;C:\WINDOWS;C:\Program Files\Java\jdk-17-se\bin;C:\Users\Programar\AppData\Local\Android\Sdk\platform-tools\;C:\Program Files\Common Files\Oracle\Java\javapath;C:\Program Files (x86)\Common Files\Oracle\Java\javapath;C:\Windows\system32;C:\Windows;C:\Windows\System32\Wbem;C:\Windows\System32\WindowsPowerShell\v1.0\;C:\Windows\System32\OpenSSH\;C:\Program Files\NVIDIA Corporation\NVIDIA NvDLISR;C:\Program Files (x86)\NVIDIA Corporation\PhysX\Common;C:\WINDOWS\system32;C:\WINDOWS;C:\WINDOWS\System32\Wbem;C:\WINDOWS\System32\WindowsPowerShell\v1.0\;C:\WINDOWS\System32\OpenSSH\;D:\MinGW\msys;D:\MinGW\bin;E:\Program Files\Maven\apache-maven-3.8.6;C:\Users\Programar\Documents\Util\Instaladores\mongosh-1.6.0-win32-x64\bin;C:\Program Files\Git\cmd;C:\Program Files\dotnet\;C:\Program Files\Docker\Docker\resources\bin;C:\Users\Programar\AppData\Local\nvm;C:\nvm4w\nodejs;C:\Program Files\Java\jdk-17-se;C:\Users\Programar\AppData\Local\Microsoft\WindowsApps;E:\Program Files\JetBrains\IntelliJ IDEA Community Edition 2020.3.3\bin;;C:\Users\Programar\AppData\Local\Programs\Microsoft VS Code\bin;C:\Program Files\kotlinc\bin;C:\Users\sigaj\AppData\Local\GitHubDesktop\bin;C:\Users\Programar\AppData\Roaming\npm;%JFLEX_HOME%\bin;E:\Program Files\Maven\apache-maven-3.8.6;E:\Program Files\heroku\bin;E:\Program Files\Maven\apache-maven-3.8.6\bin;C:\Users\Programar\AppData\Local\nvm;C:\nvm4w\nodejs;C:\Program Files\Java\jdk-17-se\lib;;.]
17-Apr-2025 23:43:10.975 INFO [main] org.apache.coyote.AbstractProtocol.init Initializing ProtocolHandler ["http-nio-8080"]
17-Apr-2025 23:43:11.004 INFO [main] org.apache.coyote.AbstractProtocol.init Initializing ProtocolHandler ["http-nio-8081"]
17-Apr-2025 23:43:11.006 INFO [main] org.apache.catalina.startup.Catalina.load Server initialization in [607] milliseconds
17-Apr-2025 23:43:11.059 INFO [main] org.apache.catalina.core.StandardService.startInternal Starting service [Catalina]
17-Apr-2025 23:43:11.060 INFO [main] org.apache.catalina.core.StandardEngine.startInternal Starting Servlet engine: [Apache Tomcat/11.0.6]
17-Apr-2025 23:43:15.036 INFO [main] org.apache.jasper.servlet.TldScanner.scanJars At least one JAR was scanned for TLDs yet contained no TLDs. Enable debug logging for this logger for a complete list of JARs that were scanned but no TLDs were found in them. Skipping unneeded JARs during scanning can improve startup time and JSP compilation time.
17-Apr-2025 23:43:15.267 INFO [main] org.apache.catalina.startup.HostConfig.deployDirectory Diretório de instalação da aplicação web [C:\Users\Programar\Documents\Projetos\Sidtella\billing-service-ui\ApacheTomcat\apache-tomcat-11.0.6\webapps\docs]
17-Apr-2025 23:43:15.327 INFO [main] org.apache.catalina.startup.HostConfig.deployDirectory Deployment of web application directory [C:\Users\Programar\Documents\Projetos\Sidtella\billing-service-ui\ApacheTomcat\apache-tomcat-11.0.6\webapps\docs] has finished in [58] ms
17-Apr-2025 23:43:15.328 INFO [main] org.apache.catalina.startup.HostConfig.deployDirectory Diretório de instalação da aplicação web [C:\Users\Programar\Documents\Projetos\Sidtella\billing-service-ui\ApacheTomcat\apache-tomcat-11.0.6\webapps\examples]
17-Apr-2025 23:43:15.991 INFO [main] org.apache.catalina.startup.HostConfig.deployDirectory Deployment of web application directory [C:\Users\Programar\Documents\Projetos\Sidtella\billing-service-ui\ApacheTomcat\apache-tomcat-11.0.6\webapps\examples] has finished in [663] ms
17-Apr-2025 23:43:15.992 INFO [main] org.apache.catalina.startup.HostConfig.deployDirectory Diretório de instalação da aplicação web [C:\Users\Programar\Documents\Projetos\Sidtella\billing-service-ui\ApacheTomcat\apache-tomcat-11.0.6\webapps\host-manager]
17-Apr-2025 23:43:16.063 INFO [main] org.apache.catalina.startup.HostConfig.deployDirectory Deployment of web application directory [C:\Users\Programar\Documents\Projetos\Sidtella\billing-service-ui\ApacheTomcat\apache-tomcat-11.0.6\webapps\host-manager] has finished in [70] ms
17-Apr-2025 23:43:16.064 INFO [main] org.apache.catalina.startup.HostConfig.deployDirectory Diretório de instalação da aplicação web [C:\Users\Programar\Documents\Projetos\Sidtella\billing-service-ui\ApacheTomcat\apache-tomcat-11.0.6\webapps\manager]
17-Apr-2025 23:43:16.127 INFO [main] org.apache.catalina.startup.HostConfig.deployDirectory Deployment of web application directory [C:\Users\Programar\Documents\Projetos\Sidtella\billing-service-ui\ApacheTomcat\apache-tomcat-11.0.6\webapps\manager] has finished in [62] ms
17-Apr-2025 23:43:16.149 INFO [main] org.apache.coyote.AbstractProtocol.start Starting ProtocolHandler ["http-nio-8080"]
17-Apr-2025 23:43:16.234 INFO [main] org.apache.coyote.AbstractProtocol.start Starting ProtocolHandler ["http-nio-8081"]
17-Apr-2025 23:43:16.243 INFO [main] org.apache.catalina.startup.Catalina.start Server startup in [5235] milliseconds
17-Apr-2025 23:58:01.429 WARNING [main] org.apache.catalina.core.StandardContext.setPath A context path must either be an empty string or start with a '/' and do not end with a '/'. The path [/] does not meet these criteria and has been changed to []
17-Apr-2025 23:58:01.449 INFO [main] org.apache.catalina.startup.VersionLoggerListener.log Server version name:   Apache Tomcat/11.0.6
17-Apr-2025 23:58:01.449 INFO [main] org.apache.catalina.startup.VersionLoggerListener.log Server built:          Apr 1 2025 14:40:40 UTC
17-Apr-2025 23:58:01.449 INFO [main] org.apache.catalina.startup.VersionLoggerListener.log Server version number: 11.0.6.0
17-Apr-2025 23:58:01.450 INFO [main] org.apache.catalina.startup.VersionLoggerListener.log OS Name:               Windows 10
17-Apr-2025 23:58:01.450 INFO [main] org.apache.catalina.startup.VersionLoggerListener.log OS Version:            10.0
17-Apr-2025 23:58:01.450 INFO [main] org.apache.catalina.startup.VersionLoggerListener.log Architecture:          amd64
17-Apr-2025 23:58:01.450 INFO [main] org.apache.catalina.startup.VersionLoggerListener.log Java Home:             C:\Program Files\Java\jdk-17-se
17-Apr-2025 23:58:01.450 INFO [main] org.apache.catalina.startup.VersionLoggerListener.log JVM Version:           17.0.10+11-LTS-240
17-Apr-2025 23:58:01.450 INFO [main] org.apache.catalina.startup.VersionLoggerListener.log JVM Vendor:            Oracle Corporation
17-Apr-2025 23:58:01.451 INFO [main] org.apache.catalina.startup.VersionLoggerListener.log CATALINA_BASE:         C:\Users\Programar\Documents\Projetos\Sidtella\billing-service-ui\ApacheTomcat\apache-tomcat-11.0.6
17-Apr-2025 23:58:01.452 INFO [main] org.apache.catalina.startup.VersionLoggerListener.log CATALINA_HOME:         C:\Users\Programar\Documents\Projetos\Sidtella\billing-service-ui\ApacheTomcat\apache-tomcat-11.0.6
17-Apr-2025 23:58:01.453 INFO [main] org.apache.catalina.startup.VersionLoggerListener.log Command line argument: -Djava.util.logging.config.file=C:\Users\Programar\Documents\Projetos\Sidtella\billing-service-ui\ApacheTomcat\apache-tomcat-11.0.6\conf\logging.properties
17-Apr-2025 23:58:01.453 INFO [main] org.apache.catalina.startup.VersionLoggerListener.log Command line argument: -Djava.util.logging.manager=org.apache.juli.ClassLoaderLogManager
17-Apr-2025 23:58:01.453 INFO [main] org.apache.catalina.startup.VersionLoggerListener.log Command line argument: -Djdk.tls.ephemeralDHKeySize=2048
17-Apr-2025 23:58:01.453 INFO [main] org.apache.catalina.startup.VersionLoggerListener.log Command line argument: --add-opens=java.base/java.lang=ALL-UNNAMED
17-Apr-2025 23:58:01.454 INFO [main] org.apache.catalina.startup.VersionLoggerListener.log Command line argument: --add-opens=java.base/java.lang.reflect=ALL-UNNAMED
17-Apr-2025 23:58:01.454 INFO [main] org.apache.catalina.startup.VersionLoggerListener.log Command line argument: --add-opens=java.base/java.io=ALL-UNNAMED
17-Apr-2025 23:58:01.455 INFO [main] org.apache.catalina.startup.VersionLoggerListener.log Command line argument: --add-opens=java.base/java.util=ALL-UNNAMED
17-Apr-2025 23:58:01.455 INFO [main] org.apache.catalina.startup.VersionLoggerListener.log Command line argument: --add-opens=java.base/java.util.concurrent=ALL-UNNAMED
17-Apr-2025 23:58:01.456 INFO [main] org.apache.catalina.startup.VersionLoggerListener.log Command line argument: --add-opens=java.rmi/sun.rmi.transport=ALL-UNNAMED
17-Apr-2025 23:58:01.456 INFO [main] org.apache.catalina.startup.VersionLoggerListener.log Command line argument: --enable-native-access=ALL-UNNAMED
17-Apr-2025 23:58:01.457 INFO [main] org.apache.catalina.startup.VersionLoggerListener.log Command line argument: -Dcatalina.base=C:\Users\Programar\Documents\Projetos\Sidtella\billing-service-ui\ApacheTomcat\apache-tomcat-11.0.6
17-Apr-2025 23:58:01.458 INFO [main] org.apache.catalina.startup.VersionLoggerListener.log Command line argument: -Dcatalina.home=C:\Users\Programar\Documents\Projetos\Sidtella\billing-service-ui\ApacheTomcat\apache-tomcat-11.0.6
17-Apr-2025 23:58:01.458 INFO [main] org.apache.catalina.startup.VersionLoggerListener.log Command line argument: -Djava.io.tmpdir=C:\Users\Programar\Documents\Projetos\Sidtella\billing-service-ui\ApacheTomcat\apache-tomcat-11.0.6\temp
17-Apr-2025 23:58:01.471 INFO [main] org.apache.catalina.core.AprLifecycleListener.lifecycleEvent The Apache Tomcat Native library which allows using OpenSSL was not found on the java.library.path: [C:\Program Files\Java\jdk-17-se\bin;C:\WINDOWS\Sun\Java\bin;C:\WINDOWS\system32;C:\WINDOWS;C:\Program Files\Java\jdk-17-se\bin;C:\Users\Programar\AppData\Local\Android\Sdk\platform-tools\;C:\Program Files\Common Files\Oracle\Java\javapath;C:\Program Files (x86)\Common Files\Oracle\Java\javapath;C:\Windows\system32;C:\Windows;C:\Windows\System32\Wbem;C:\Windows\System32\WindowsPowerShell\v1.0\;C:\Windows\System32\OpenSSH\;C:\Program Files\NVIDIA Corporation\NVIDIA NvDLISR;C:\Program Files (x86)\NVIDIA Corporation\PhysX\Common;C:\WINDOWS\system32;C:\WINDOWS;C:\WINDOWS\System32\Wbem;C:\WINDOWS\System32\WindowsPowerShell\v1.0\;C:\WINDOWS\System32\OpenSSH\;D:\MinGW\msys;D:\MinGW\bin;E:\Program Files\Maven\apache-maven-3.8.6;C:\Users\Programar\Documents\Util\Instaladores\mongosh-1.6.0-win32-x64\bin;C:\Program Files\Git\cmd;C:\Program Files\dotnet\;C:\Program Files\Docker\Docker\resources\bin;C:\Users\Programar\AppData\Local\nvm;C:\nvm4w\nodejs;C:\Program Files\Java\jdk-17-se;C:\Users\Programar\AppData\Local\Microsoft\WindowsApps;E:\Program Files\JetBrains\IntelliJ IDEA Community Edition 2020.3.3\bin;;C:\Users\Programar\AppData\Local\Programs\Microsoft VS Code\bin;C:\Program Files\kotlinc\bin;C:\Users\sigaj\AppData\Local\GitHubDesktop\bin;C:\Users\Programar\AppData\Roaming\npm;%JFLEX_HOME%\bin;E:\Program Files\Maven\apache-maven-3.8.6;E:\Program Files\heroku\bin;E:\Program Files\Maven\apache-maven-3.8.6\bin;C:\Users\Programar\AppData\Local\nvm;C:\nvm4w\nodejs;C:\Program Files\Java\jdk-17-se\lib;;.]
17-Apr-2025 23:58:01.690 INFO [main] org.apache.coyote.AbstractProtocol.init Initializing ProtocolHandler ["http-nio-8080"]
17-Apr-2025 23:58:01.716 INFO [main] org.apache.coyote.AbstractProtocol.init Initializing ProtocolHandler ["http-nio-8081"]
17-Apr-2025 23:58:01.718 INFO [main] org.apache.catalina.startup.Catalina.load Server initialization in [516] milliseconds
17-Apr-2025 23:58:01.759 INFO [main] org.apache.catalina.core.StandardService.startInternal Starting service [frontend]
17-Apr-2025 23:58:01.760 INFO [main] org.apache.catalina.core.StandardEngine.startInternal Starting Servlet engine: [Apache Tomcat/11.0.6]
17-Apr-2025 23:58:02.093 INFO [main] org.apache.catalina.startup.HostConfig.deployDirectory Diretório de instalação da aplicação web [C:\Users\Programar\Documents\Projetos\Sidtella\billing-service-ui\ApacheTomcat\apache-tomcat-11.0.6\webapps\api]
17-Apr-2025 23:58:04.494 INFO [main] org.apache.jasper.servlet.TldScanner.scanJars At least one JAR was scanned for TLDs yet contained no TLDs. Enable debug logging for this logger for a complete list of JARs that were scanned but no TLDs were found in them. Skipping unneeded JARs during scanning can improve startup time and JSP compilation time.
17-Apr-2025 23:58:04.642 INFO [main] org.apache.catalina.startup.HostConfig.deployDirectory Deployment of web application directory [C:\Users\Programar\Documents\Projetos\Sidtella\billing-service-ui\ApacheTomcat\apache-tomcat-11.0.6\webapps\api] has finished in [2.549] ms
17-Apr-2025 23:58:04.643 INFO [main] org.apache.catalina.startup.HostConfig.deployDirectory Diretório de instalação da aplicação web [C:\Users\Programar\Documents\Projetos\Sidtella\billing-service-ui\ApacheTomcat\apache-tomcat-11.0.6\webapps\docs]
17-Apr-2025 23:58:04.692 INFO [main] org.apache.catalina.startup.HostConfig.deployDirectory Deployment of web application directory [C:\Users\Programar\Documents\Projetos\Sidtella\billing-service-ui\ApacheTomcat\apache-tomcat-11.0.6\webapps\docs] has finished in [49] ms
17-Apr-2025 23:58:04.695 INFO [main] org.apache.catalina.startup.HostConfig.deployDirectory Diretório de instalação da aplicação web [C:\Users\Programar\Documents\Projetos\Sidtella\billing-service-ui\ApacheTomcat\apache-tomcat-11.0.6\webapps\examples]
17-Apr-2025 23:58:05.204 INFO [main] org.apache.catalina.startup.HostConfig.deployDirectory Deployment of web application directory [C:\Users\Programar\Documents\Projetos\Sidtella\billing-service-ui\ApacheTomcat\apache-tomcat-11.0.6\webapps\examples] has finished in [509] ms
17-Apr-2025 23:58:05.205 INFO [main] org.apache.catalina.startup.HostConfig.deployDirectory Diretório de instalação da aplicação web [C:\Users\Programar\Documents\Projetos\Sidtella\billing-service-ui\ApacheTomcat\apache-tomcat-11.0.6\webapps\host-manager]
17-Apr-2025 23:58:05.250 INFO [main] org.apache.catalina.startup.HostConfig.deployDirectory Deployment of web application directory [C:\Users\Programar\Documents\Projetos\Sidtella\billing-service-ui\ApacheTomcat\apache-tomcat-11.0.6\webapps\host-manager] has finished in [45] ms
17-Apr-2025 23:58:05.251 INFO [main] org.apache.catalina.startup.HostConfig.deployDirectory Diretório de instalação da aplicação web [C:\Users\Programar\Documents\Projetos\Sidtella\billing-service-ui\ApacheTomcat\apache-tomcat-11.0.6\webapps\manager]
17-Apr-2025 23:58:05.298 INFO [main] org.apache.catalina.startup.HostConfig.deployDirectory Deployment of web application directory [C:\Users\Programar\Documents\Projetos\Sidtella\billing-service-ui\ApacheTomcat\apache-tomcat-11.0.6\webapps\manager] has finished in [47] ms
17-Apr-2025 23:58:05.303 INFO [main] org.apache.coyote.AbstractProtocol.start Starting ProtocolHandler ["http-nio-8080"]
17-Apr-2025 23:58:05.356 INFO [main] org.apache.catalina.core.StandardService.startInternal Starting service [backend]
17-Apr-2025 23:58:05.356 INFO [main] org.apache.catalina.core.StandardEngine.startInternal Starting Servlet engine: [Apache Tomcat/11.0.6]
17-Apr-2025 23:58:07.256 SEVERE [main] org.apache.catalina.core.NamingContextListener.lifecycleEvent Creation of the naming context failed: [javax.naming.OperationNotSupportedException: Context is read only]
17-Apr-2025 23:58:07.333 INFO [main] org.apache.jasper.servlet.TldScanner.scanJars At least one JAR was scanned for TLDs yet contained no TLDs. Enable debug logging for this logger for a complete list of JARs that were scanned but no TLDs were found in them. Skipping unneeded JARs during scanning can improve startup time and JSP compilation time.
17-Apr-2025 23:58:07.482 INFO [main] org.apache.catalina.startup.HostConfig.deployDirectory Diretório de instalação da aplicação web [C:\Users\Programar\Documents\Projetos\Sidtella\billing-service-ui\ApacheTomcat\apache-tomcat-11.0.6\webapps\docs]
17-Apr-2025 23:58:07.506 SEVERE [main] org.apache.catalina.core.NamingContextListener.lifecycleEvent Creation of the naming context failed: [javax.naming.OperationNotSupportedException: Context is read only]
17-Apr-2025 23:58:07.516 INFO [main] org.apache.catalina.startup.HostConfig.deployDirectory Deployment of web application directory [C:\Users\Programar\Documents\Projetos\Sidtella\billing-service-ui\ApacheTomcat\apache-tomcat-11.0.6\webapps\docs] has finished in [34] ms
17-Apr-2025 23:58:07.516 INFO [main] org.apache.catalina.startup.HostConfig.deployDirectory Diretório de instalação da aplicação web [C:\Users\Programar\Documents\Projetos\Sidtella\billing-service-ui\ApacheTomcat\apache-tomcat-11.0.6\webapps\examples]
17-Apr-2025 23:58:07.812 SEVERE [main] org.apache.catalina.core.NamingContextListener.lifecycleEvent Creation of the naming context failed: [javax.naming.OperationNotSupportedException: Context is read only]
17-Apr-2025 23:58:07.915 INFO [main] org.apache.catalina.startup.HostConfig.deployDirectory Deployment of web application directory [C:\Users\Programar\Documents\Projetos\Sidtella\billing-service-ui\ApacheTomcat\apache-tomcat-11.0.6\webapps\examples] has finished in [399] ms
17-Apr-2025 23:58:07.915 INFO [main] org.apache.catalina.startup.HostConfig.deployDirectory Diretório de instalação da aplicação web [C:\Users\Programar\Documents\Projetos\Sidtella\billing-service-ui\ApacheTomcat\apache-tomcat-11.0.6\webapps\host-manager]
17-Apr-2025 23:58:07.938 SEVERE [main] org.apache.catalina.core.NamingContextListener.lifecycleEvent Creation of the naming context failed: [javax.naming.OperationNotSupportedException: Context is read only]
17-Apr-2025 23:58:07.951 INFO [main] org.apache.catalina.startup.HostConfig.deployDirectory Deployment of web application directory [C:\Users\Programar\Documents\Projetos\Sidtella\billing-service-ui\ApacheTomcat\apache-tomcat-11.0.6\webapps\host-manager] has finished in [36] ms
17-Apr-2025 23:58:07.952 INFO [main] org.apache.catalina.startup.HostConfig.deployDirectory Diretório de instalação da aplicação web [C:\Users\Programar\Documents\Projetos\Sidtella\billing-service-ui\ApacheTomcat\apache-tomcat-11.0.6\webapps\manager]
17-Apr-2025 23:58:07.977 SEVERE [main] org.apache.catalina.core.NamingContextListener.lifecycleEvent Creation of the naming context failed: [javax.naming.OperationNotSupportedException: Context is read only]
17-Apr-2025 23:58:07.995 INFO [main] org.apache.catalina.startup.HostConfig.deployDirectory Deployment of web application directory [C:\Users\Programar\Documents\Projetos\Sidtella\billing-service-ui\ApacheTomcat\apache-tomcat-11.0.6\webapps\manager] has finished in [43] ms
17-Apr-2025 23:58:07.996 INFO [main] org.apache.catalina.startup.HostConfig.deployDirectory Diretório de instalação da aplicação web [C:\Users\Programar\Documents\Projetos\Sidtella\billing-service-ui\ApacheTomcat\apache-tomcat-11.0.6\webapps\ROOT]
17-Apr-2025 23:58:08.016 SEVERE [main] org.apache.catalina.core.NamingContextListener.lifecycleEvent Creation of the naming context failed: [javax.naming.OperationNotSupportedException: Context is read only]
17-Apr-2025 23:58:08.024 INFO [main] org.apache.catalina.startup.HostConfig.deployDirectory Deployment of web application directory [C:\Users\Programar\Documents\Projetos\Sidtella\billing-service-ui\ApacheTomcat\apache-tomcat-11.0.6\webapps\ROOT] has finished in [28] ms
17-Apr-2025 23:58:08.024 INFO [main] org.apache.coyote.AbstractProtocol.start Starting ProtocolHandler ["http-nio-8081"]
17-Apr-2025 23:58:08.027 INFO [main] org.apache.catalina.startup.Catalina.start Server startup in [6309] milliseconds
