18-Apr-2025 22:24:35.811 INFO [main] org.apache.catalina.core.ApplicationContext.log 1 Spring WebApplicationInitializers detected on classpath
18-Apr-2025 22:24:36.559 INFO [main] org.apache.catalina.core.ApplicationContext.log ContextListener: contextInitialized()
18-Apr-2025 22:24:36.560 INFO [main] org.apache.catalina.core.ApplicationContext.log SessionListener: contextInitialized()
18-Apr-2025 22:24:36.562 INFO [main] org.apache.catalina.core.ApplicationContext.log ContextListener: attributeAdded('StockTicker', 'async.Stockticker@50f5ce5b')
18-Apr-2025 22:24:39.378 INFO [main] org.apache.catalina.core.ApplicationContext.log 1 Spring WebApplicationInitializers detected on classpath
18-Apr-2025 22:24:39.807 INFO [main] org.apache.catalina.core.ApplicationContext.log ContextListener: contextInitialized()
18-Apr-2025 22:24:39.808 INFO [main] org.apache.catalina.core.ApplicationContext.log SessionListener: contextInitialized()
18-Apr-2025 22:24:39.810 INFO [main] org.apache.catalina.core.ApplicationContext.log ContextListener: attributeAdded('StockTicker', 'async.Stockticker@1f1a57e8')
18-Apr-2025 22:24:48.719 INFO [main] org.apache.catalina.core.ApplicationContext.log 1 Spring WebApplicationInitializers detected on classpath
18-Apr-2025 22:24:49.184 INFO [main] org.apache.catalina.core.ApplicationContext.log ContextListener: contextInitialized()
18-Apr-2025 22:24:49.184 INFO [main] org.apache.catalina.core.ApplicationContext.log SessionListener: contextInitialized()
18-Apr-2025 22:24:49.187 INFO [main] org.apache.catalina.core.ApplicationContext.log ContextListener: attributeAdded('StockTicker', 'async.Stockticker@50f5ce5b')
18-Apr-2025 22:24:51.969 INFO [main] org.apache.catalina.core.ApplicationContext.log 1 Spring WebApplicationInitializers detected on classpath
18-Apr-2025 22:24:52.737 INFO [main] org.apache.catalina.core.ApplicationContext.log ContextListener: contextInitialized()
18-Apr-2025 22:24:52.741 INFO [main] org.apache.catalina.core.ApplicationContext.log SessionListener: contextInitialized()
18-Apr-2025 22:24:52.742 INFO [main] org.apache.catalina.core.ApplicationContext.log ContextListener: attributeAdded('StockTicker', 'async.Stockticker@1f1a57e8')
18-Apr-2025 22:28:03.584 INFO [main] org.apache.catalina.core.ApplicationContext.log 1 Spring WebApplicationInitializers detected on classpath
18-Apr-2025 22:28:04.342 INFO [main] org.apache.catalina.core.ApplicationContext.log ContextListener: contextInitialized()
18-Apr-2025 22:28:04.342 INFO [main] org.apache.catalina.core.ApplicationContext.log SessionListener: contextInitialized()
18-Apr-2025 22:28:04.346 INFO [main] org.apache.catalina.core.ApplicationContext.log ContextListener: attributeAdded('StockTicker', 'async.Stockticker@7f922523')
18-Apr-2025 22:34:14.736 INFO [main] org.apache.catalina.core.ApplicationContext.log 2 Spring WebApplicationInitializers detected on classpath
18-Apr-2025 22:34:17.365 INFO [main] org.apache.catalina.core.ApplicationContext.log Initializing Spring embedded WebApplicationContext
18-Apr-2025 22:34:19.351 INFO [main] org.apache.catalina.core.ApplicationContext.log ContextListener: contextInitialized()
18-Apr-2025 22:34:19.351 INFO [main] org.apache.catalina.core.ApplicationContext.log SessionListener: contextInitialized()
18-Apr-2025 22:34:19.354 INFO [main] org.apache.catalina.core.ApplicationContext.log ContextListener: attributeAdded('StockTicker', 'async.Stockticker@545bc8e1')
18-Apr-2025 22:34:24.860 INFO [http-nio-8081-exec-2] org.apache.catalina.core.ApplicationContext.log Initializing Spring DispatcherServlet 'dispatcherServlet'
18-Apr-2025 22:34:44.199 INFO [main] org.apache.catalina.core.ApplicationContext.log 2 Spring WebApplicationInitializers detected on classpath
18-Apr-2025 22:34:46.521 INFO [main] org.apache.catalina.core.ApplicationContext.log Initializing Spring embedded WebApplicationContext
18-Apr-2025 22:34:48.235 INFO [main] org.apache.catalina.core.ApplicationContext.log ContextListener: contextInitialized()
18-Apr-2025 22:34:48.235 INFO [main] org.apache.catalina.core.ApplicationContext.log SessionListener: contextInitialized()
18-Apr-2025 22:34:48.239 INFO [main] org.apache.catalina.core.ApplicationContext.log ContextListener: attributeAdded('StockTicker', 'async.Stockticker@4ae1ee85')
18-Apr-2025 22:34:50.585 INFO [main] org.apache.catalina.core.ApplicationContext.log 2 Spring WebApplicationInitializers detected on classpath
18-Apr-2025 22:34:52.893 INFO [main] org.apache.catalina.core.ApplicationContext.log Initializing Spring embedded WebApplicationContext
18-Apr-2025 22:34:54.279 INFO [main] org.apache.catalina.core.ApplicationContext.log ContextListener: contextInitialized()
18-Apr-2025 22:34:54.279 INFO [main] org.apache.catalina.core.ApplicationContext.log SessionListener: contextInitialized()
18-Apr-2025 22:34:54.281 INFO [main] org.apache.catalina.core.ApplicationContext.log ContextListener: attributeAdded('StockTicker', 'async.Stockticker@5d32abce')
18-Apr-2025 22:34:56.766 INFO [http-nio-8081-exec-1] org.apache.catalina.core.ApplicationContext.log Initializing Spring DispatcherServlet 'dispatcherServlet'
18-Apr-2025 22:35:00.989 INFO [http-nio-8080-exec-1] org.apache.catalina.core.ApplicationContext.log Initializing Spring DispatcherServlet 'dispatcherServlet'
18-Apr-2025 22:36:31.130 INFO [main] org.apache.catalina.core.ApplicationContext.log 2 Spring WebApplicationInitializers detected on classpath
18-Apr-2025 22:36:34.032 INFO [main] org.apache.catalina.core.ApplicationContext.log Initializing Spring embedded WebApplicationContext
18-Apr-2025 22:36:36.017 INFO [main] org.apache.catalina.core.ApplicationContext.log ContextListener: contextInitialized()
18-Apr-2025 22:36:36.018 INFO [main] org.apache.catalina.core.ApplicationContext.log SessionListener: contextInitialized()
18-Apr-2025 22:36:36.022 INFO [main] org.apache.catalina.core.ApplicationContext.log ContextListener: attributeAdded('StockTicker', 'async.Stockticker@3dfef314')
18-Apr-2025 22:39:33.501 INFO [main] org.apache.catalina.core.ApplicationContext.log 2 Spring WebApplicationInitializers detected on classpath
18-Apr-2025 22:39:35.829 INFO [main] org.apache.catalina.core.ApplicationContext.log Initializing Spring embedded WebApplicationContext
18-Apr-2025 22:39:37.425 INFO [main] org.apache.catalina.core.ApplicationContext.log ContextListener: contextInitialized()
18-Apr-2025 22:39:37.425 INFO [main] org.apache.catalina.core.ApplicationContext.log SessionListener: contextInitialized()
18-Apr-2025 22:39:37.428 INFO [main] org.apache.catalina.core.ApplicationContext.log ContextListener: attributeAdded('StockTicker', 'async.Stockticker@38bb297')
18-Apr-2025 22:39:43.728 INFO [http-nio-8080-exec-1] org.apache.catalina.core.ApplicationContext.log Initializing Spring DispatcherServlet 'dispatcherServlet'
18-Apr-2025 22:41:02.356 INFO [main] org.apache.catalina.core.ApplicationContext.log 2 Spring WebApplicationInitializers detected on classpath
18-Apr-2025 22:41:04.944 INFO [main] org.apache.catalina.core.ApplicationContext.log Initializing Spring embedded WebApplicationContext
18-Apr-2025 22:41:06.772 INFO [main] org.apache.catalina.core.ApplicationContext.log ContextListener: contextInitialized()
18-Apr-2025 22:41:06.773 INFO [main] org.apache.catalina.core.ApplicationContext.log SessionListener: contextInitialized()
18-Apr-2025 22:41:06.775 INFO [main] org.apache.catalina.core.ApplicationContext.log ContextListener: attributeAdded('StockTicker', 'async.Stockticker@6bfa228c')
18-Apr-2025 22:42:50.692 INFO [main] org.apache.catalina.core.ApplicationContext.log 2 Spring WebApplicationInitializers detected on classpath
18-Apr-2025 22:42:53.311 INFO [main] org.apache.catalina.core.ApplicationContext.log Initializing Spring embedded WebApplicationContext
18-Apr-2025 22:42:55.190 INFO [main] org.apache.catalina.core.ApplicationContext.log ContextListener: contextInitialized()
18-Apr-2025 22:42:55.190 INFO [main] org.apache.catalina.core.ApplicationContext.log SessionListener: contextInitialized()
18-Apr-2025 22:42:55.193 INFO [main] org.apache.catalina.core.ApplicationContext.log ContextListener: attributeAdded('StockTicker', 'async.Stockticker@5ee63d9')
18-Apr-2025 22:42:57.582 INFO [http-nio-8080-exec-3] org.apache.catalina.core.ApplicationContext.log Initializing Spring DispatcherServlet 'dispatcherServlet'
18-Apr-2025 22:51:44.702 INFO [main] org.apache.catalina.core.ApplicationContext.log 2 Spring WebApplicationInitializers detected on classpath
18-Apr-2025 22:51:47.644 INFO [main] org.apache.catalina.core.ApplicationContext.log Initializing Spring embedded WebApplicationContext
18-Apr-2025 22:51:49.355 INFO [main] org.apache.catalina.core.ApplicationContext.log ContextListener: contextInitialized()
18-Apr-2025 22:51:49.355 INFO [main] org.apache.catalina.core.ApplicationContext.log SessionListener: contextInitialized()
18-Apr-2025 22:51:49.357 INFO [main] org.apache.catalina.core.ApplicationContext.log ContextListener: attributeAdded('StockTicker', 'async.Stockticker@2cef4321')
18-Apr-2025 22:52:21.874 INFO [main] org.apache.catalina.core.ApplicationContext.log 2 Spring WebApplicationInitializers detected on classpath
18-Apr-2025 22:52:24.594 INFO [main] org.apache.catalina.core.ApplicationContext.log Initializing Spring embedded WebApplicationContext
18-Apr-2025 22:52:26.602 INFO [main] org.apache.catalina.core.ApplicationContext.log ContextListener: contextInitialized()
18-Apr-2025 22:52:26.602 INFO [main] org.apache.catalina.core.ApplicationContext.log SessionListener: contextInitialized()
18-Apr-2025 22:52:26.604 INFO [main] org.apache.catalina.core.ApplicationContext.log ContextListener: attributeAdded('StockTicker', 'async.Stockticker@5ee63d9')
18-Apr-2025 22:52:27.074 INFO [http-nio-8080-exec-4] org.apache.catalina.core.ApplicationContext.log Initializing Spring DispatcherServlet 'dispatcherServlet'
